<?xml version="1.0" encoding="UTF-8"?>
<!-- Generated by org.testng.reporters.JUnitReportReporter -->
<testsuite skipped="0" hostname="KIRTIDEEP" name="testing.automation.NewTest" tests="1" failures="0" timestamp="19 Aug 2018 12:13:57 GMT" time="19.811" errors="0">
  <testcase name="f" time="19.811" classname="testing.automation.NewTest"/>
</testsuite> <!-- testing.automation.NewTest -->
